<?xml version="1.0" encoding="UTF-8"?>
<testng-results ignored="0" total="2" passed="2" failed="0" skipped="0">
  <reporter-output>
  </reporter-output>
  <suite started-at="2021-02-13T20:55:23 IST" name="Default suite" finished-at="2021-02-13T20:55:23 IST" duration-ms="85">
    <groups>
    </groups>
    <test started-at="2021-02-13T20:55:23 IST" name="Default test" finished-at="2021-02-13T20:55:23 IST" duration-ms="85">
      <class name="Academy.validateTest">
        <test-method signature="method1()[pri:0, instance:Academy.validateTest@38102d01]" started-at="2021-02-13T20:55:23 IST" name="method1" finished-at="2021-02-13T20:55:23 IST" duration-ms="14" status="PASS">
          <reporter-output>
          </reporter-output>
        </test-method> <!-- method1 -->
        <test-method signature="method2()[pri:0, instance:Academy.validateTest@38102d01]" started-at="2021-02-13T20:55:23 IST" name="method2" finished-at="2021-02-13T20:55:23 IST" duration-ms="10" status="PASS">
          <reporter-output>
          </reporter-output>
        </test-method> <!-- method2 -->
      </class> <!-- Academy.validateTest -->
    </test> <!-- Default test -->
  </suite> <!-- Default suite -->
</testng-results>
